<?xml version="1.0" encoding="UTF-8"?>
<testsuite xmlns:xsi="http://www.w3.org/2001/XMLSchema-instance" xsi:noNamespaceSchemaLocation="https://maven.apache.org/surefire/maven-surefire-plugin/xsd/surefire-test-report.xsd" name="com.example.demo.service.PhotoServiceTest" time="0.001" tests="1" errors="0" skipped="0" failures="0">
  <properties>
    <property name="gopherProxySet" value="false"/>
    <property name="awt.toolkit" value="sun.lwawt.macosx.LWCToolkit"/>
    <property name="file.encoding.pkg" value="sun.io"/>
    <property name="java.specification.version" value="1.8"/>
    <property name="sun.cpu.isalist" value=""/>
    <property name="sun.jnu.encoding" value="UTF-8"/>
    <property name="java.class.path" value="/Users/sander/Java/burger-finder-application/application/target/test-classes:/Users/sander/Java/burger-finder-application/application/target/classes:/Users/sander/Java/burger-finder-application/burgerapi/target/burgerapi-1.0.jar:/Users/sander/Java/burger-finder-application/foursquareapi/target/foursquareapi-1.0.jar:/Users/sander/.m2/repository/org/springframework/boot/spring-boot-starter-cache/2.1.5.RELEASE/spring-boot-starter-cache-2.1.5.RELEASE.jar:/Users/sander/.m2/repository/org/springframework/boot/spring-boot-starter/2.1.5.RELEASE/spring-boot-starter-2.1.5.RELEASE.jar:/Users/sander/.m2/repository/org/springframework/boot/spring-boot-starter-logging/2.1.5.RELEASE/spring-boot-starter-logging-2.1.5.RELEASE.jar:/Users/sander/.m2/repository/ch/qos/logback/logback-classic/1.2.3/logback-classic-1.2.3.jar:/Users/sander/.m2/repository/ch/qos/logback/logback-core/1.2.3/logback-core-1.2.3.jar:/Users/sander/.m2/repository/org/apache/logging/log4j/log4j-to-slf4j/2.11.2/log4j-to-slf4j-2.11.2.jar:/Users/sander/.m2/repository/org/apache/logging/log4j/log4j-api/2.11.2/log4j-api-2.11.2.jar:/Users/sander/.m2/repository/org/slf4j/jul-to-slf4j/1.7.26/jul-to-slf4j-1.7.26.jar:/Users/sander/.m2/repository/javax/annotation/javax.annotation-api/1.3.2/javax.annotation-api-1.3.2.jar:/Users/sander/.m2/repository/org/yaml/snakeyaml/1.23/snakeyaml-1.23.jar:/Users/sander/.m2/repository/org/springframework/spring-context-support/5.1.7.RELEASE/spring-context-support-5.1.7.RELEASE.jar:/Users/sander/.m2/repository/org/springframework/spring-beans/5.1.7.RELEASE/spring-beans-5.1.7.RELEASE.jar:/Users/sander/.m2/repository/org/springframework/spring-context/5.1.7.RELEASE/spring-context-5.1.7.RELEASE.jar:/Users/sander/.m2/repository/org/springframework/boot/spring-boot-starter-data-jpa/2.1.5.RELEASE/spring-boot-starter-data-jpa-2.1.5.RELEASE.jar:/Users/sander/.m2/repository/org/springframework/boot/spring-boot-starter-aop/2.1.5.RELEASE/spring-boot-starter-aop-2.1.5.RELEASE.jar:/Users/sander/.m2/repository/org/springframework/spring-aop/5.1.7.RELEASE/spring-aop-5.1.7.RELEASE.jar:/Users/sander/.m2/repository/org/aspectj/aspectjweaver/1.9.4/aspectjweaver-1.9.4.jar:/Users/sander/.m2/repository/javax/transaction/javax.transaction-api/1.3/javax.transaction-api-1.3.jar:/Users/sander/.m2/repository/javax/xml/bind/jaxb-api/2.3.1/jaxb-api-2.3.1.jar:/Users/sander/.m2/repository/javax/activation/javax.activation-api/1.2.0/javax.activation-api-1.2.0.jar:/Users/sander/.m2/repository/org/hibernate/hibernate-core/5.3.10.Final/hibernate-core-5.3.10.Final.jar:/Users/sander/.m2/repository/javax/persistence/javax.persistence-api/2.2/javax.persistence-api-2.2.jar:/Users/sander/.m2/repository/org/javassist/javassist/3.23.2-GA/javassist-3.23.2-GA.jar:/Users/sander/.m2/repository/antlr/antlr/2.7.7/antlr-2.7.7.jar:/Users/sander/.m2/repository/org/jboss/jandex/2.0.5.Final/jandex-2.0.5.Final.jar:/Users/sander/.m2/repository/org/dom4j/dom4j/2.1.1/dom4j-2.1.1.jar:/Users/sander/.m2/repository/org/hibernate/common/hibernate-commons-annotations/5.0.4.Final/hibernate-commons-annotations-5.0.4.Final.jar:/Users/sander/.m2/repository/org/springframework/data/spring-data-jpa/2.1.8.RELEASE/spring-data-jpa-2.1.8.RELEASE.jar:/Users/sander/.m2/repository/org/springframework/data/spring-data-commons/2.1.8.RELEASE/spring-data-commons-2.1.8.RELEASE.jar:/Users/sander/.m2/repository/org/springframework/spring-orm/5.1.7.RELEASE/spring-orm-5.1.7.RELEASE.jar:/Users/sander/.m2/repository/org/springframework/spring-tx/5.1.7.RELEASE/spring-tx-5.1.7.RELEASE.jar:/Users/sander/.m2/repository/org/springframework/spring-aspects/5.1.7.RELEASE/spring-aspects-5.1.7.RELEASE.jar:/Users/sander/.m2/repository/org/springframework/boot/spring-boot-starter-data-rest/2.1.5.RELEASE/spring-boot-starter-data-rest-2.1.5.RELEASE.jar:/Users/sander/.m2/repository/org/springframework/data/spring-data-rest-webmvc/3.1.8.RELEASE/spring-data-rest-webmvc-3.1.8.RELEASE.jar:/Users/sander/.m2/repository/org/springframework/data/spring-data-rest-core/3.1.8.RELEASE/spring-data-rest-core-3.1.8.RELEASE.jar:/Users/sander/.m2/repository/org/springframework/hateoas/spring-hateoas/0.25.1.RELEASE/spring-hateoas-0.25.1.RELEASE.jar:/Users/sander/.m2/repository/org/atteo/evo-inflector/1.2.2/evo-inflector-1.2.2.jar:/Users/sander/.m2/repository/com/fasterxml/jackson/core/jackson-databind/2.9.8/jackson-databind-2.9.8.jar:/Users/sander/.m2/repository/com/fasterxml/jackson/core/jackson-core/2.9.8/jackson-core-2.9.8.jar:/Users/sander/.m2/repository/com/fasterxml/jackson/core/jackson-annotations/2.9.0/jackson-annotations-2.9.0.jar:/Users/sander/.m2/repository/org/springframework/boot/spring-boot-starter-jdbc/2.1.5.RELEASE/spring-boot-starter-jdbc-2.1.5.RELEASE.jar:/Users/sander/.m2/repository/com/zaxxer/HikariCP/3.2.0/HikariCP-3.2.0.jar:/Users/sander/.m2/repository/org/springframework/spring-jdbc/5.1.7.RELEASE/spring-jdbc-5.1.7.RELEASE.jar:/Users/sander/.m2/repository/org/springframework/boot/spring-boot-starter-thymeleaf/2.1.5.RELEASE/spring-boot-starter-thymeleaf-2.1.5.RELEASE.jar:/Users/sander/.m2/repository/org/thymeleaf/thymeleaf-spring5/3.0.11.RELEASE/thymeleaf-spring5-3.0.11.RELEASE.jar:/Users/sander/.m2/repository/org/thymeleaf/extras/thymeleaf-extras-java8time/3.0.4.RELEASE/thymeleaf-extras-java8time-3.0.4.RELEASE.jar:/Users/sander/.m2/repository/nz/net/ultraq/thymeleaf/thymeleaf-layout-dialect/2.4.1/thymeleaf-layout-dialect-2.4.1.jar:/Users/sander/.m2/repository/nz/net/ultraq/thymeleaf/thymeleaf-expression-processor/1.1.3/thymeleaf-expression-processor-1.1.3.jar:/Users/sander/.m2/repository/org/codehaus/groovy/groovy/2.5.7/groovy-2.5.7.jar:/Users/sander/.m2/repository/org/thymeleaf/thymeleaf/3.0.11.RELEASE/thymeleaf-3.0.11.RELEASE.jar:/Users/sander/.m2/repository/ognl/ognl/3.1.12/ognl-3.1.12.jar:/Users/sander/.m2/repository/org/attoparser/attoparser/2.0.5.RELEASE/attoparser-2.0.5.RELEASE.jar:/Users/sander/.m2/repository/org/unbescape/unbescape/1.1.6.RELEASE/unbescape-1.1.6.RELEASE.jar:/Users/sander/.m2/repository/org/springframework/boot/spring-boot-starter-validation/2.1.5.RELEASE/spring-boot-starter-validation-2.1.5.RELEASE.jar:/Users/sander/.m2/repository/org/apache/tomcat/embed/tomcat-embed-el/9.0.19/tomcat-embed-el-9.0.19.jar:/Users/sander/.m2/repository/org/hibernate/validator/hibernate-validator/6.0.16.Final/hibernate-validator-6.0.16.Final.jar:/Users/sander/.m2/repository/javax/validation/validation-api/2.0.1.Final/validation-api-2.0.1.Final.jar:/Users/sander/.m2/repository/org/springframework/boot/spring-boot-starter-web/2.1.5.RELEASE/spring-boot-starter-web-2.1.5.RELEASE.jar:/Users/sander/.m2/repository/org/springframework/boot/spring-boot-starter-json/2.1.5.RELEASE/spring-boot-starter-json-2.1.5.RELEASE.jar:/Users/sander/.m2/repository/com/fasterxml/jackson/datatype/jackson-datatype-jdk8/2.9.8/jackson-datatype-jdk8-2.9.8.jar:/Users/sander/.m2/repository/com/fasterxml/jackson/datatype/jackson-datatype-jsr310/2.9.8/jackson-datatype-jsr310-2.9.8.jar:/Users/sander/.m2/repository/com/fasterxml/jackson/module/jackson-module-parameter-names/2.9.8/jackson-module-parameter-names-2.9.8.jar:/Users/sander/.m2/repository/org/springframework/boot/spring-boot-starter-tomcat/2.1.5.RELEASE/spring-boot-starter-tomcat-2.1.5.RELEASE.jar:/Users/sander/.m2/repository/org/apache/tomcat/embed/tomcat-embed-core/9.0.19/tomcat-embed-core-9.0.19.jar:/Users/sander/.m2/repository/org/apache/tomcat/embed/tomcat-embed-websocket/9.0.19/tomcat-embed-websocket-9.0.19.jar:/Users/sander/.m2/repository/org/springframework/spring-web/5.1.7.RELEASE/spring-web-5.1.7.RELEASE.jar:/Users/sander/.m2/repository/org/springframework/spring-webmvc/5.1.7.RELEASE/spring-webmvc-5.1.7.RELEASE.jar:/Users/sander/.m2/repository/org/springframework/spring-expression/5.1.7.RELEASE/spring-expression-5.1.7.RELEASE.jar:/Users/sander/.m2/repository/org/springframework/boot/spring-boot-devtools/2.1.5.RELEASE/spring-boot-devtools-2.1.5.RELEASE.jar:/Users/sander/.m2/repository/org/springframework/boot/spring-boot/2.1.5.RELEASE/spring-boot-2.1.5.RELEASE.jar:/Users/sander/.m2/repository/org/springframework/boot/spring-boot-autoconfigure/2.1.5.RELEASE/spring-boot-autoconfigure-2.1.5.RELEASE.jar:/Users/sander/.m2/repository/org/springframework/boot/spring-boot-configuration-processor/2.1.5.RELEASE/spring-boot-configuration-processor-2.1.5.RELEASE.jar:/Users/sander/.m2/repository/com/h2database/h2/1.4.199/h2-1.4.199.jar:/Users/sander/.m2/repository/org/projectlombok/lombok/1.18.8/lombok-1.18.8.jar:/Users/sander/.m2/repository/org/springframework/boot/spring-boot-starter-test/2.1.5.RELEASE/spring-boot-starter-test-2.1.5.RELEASE.jar:/Users/sander/.m2/repository/org/springframework/boot/spring-boot-test/2.1.5.RELEASE/spring-boot-test-2.1.5.RELEASE.jar:/Users/sander/.m2/repository/org/springframework/boot/spring-boot-test-autoconfigure/2.1.5.RELEASE/spring-boot-test-autoconfigure-2.1.5.RELEASE.jar:/Users/sander/.m2/repository/com/jayway/jsonpath/json-path/2.4.0/json-path-2.4.0.jar:/Users/sander/.m2/repository/net/minidev/json-smart/2.3/json-smart-2.3.jar:/Users/sander/.m2/repository/net/minidev/accessors-smart/1.2/accessors-smart-1.2.jar:/Users/sander/.m2/repository/org/ow2/asm/asm/5.0.4/asm-5.0.4.jar:/Users/sander/.m2/repository/junit/junit/4.12/junit-4.12.jar:/Users/sander/.m2/repository/org/assertj/assertj-core/3.11.1/assertj-core-3.11.1.jar:/Users/sander/.m2/repository/org/hamcrest/hamcrest-core/1.3/hamcrest-core-1.3.jar:/Users/sander/.m2/repository/org/hamcrest/hamcrest-library/1.3/hamcrest-library-1.3.jar:/Users/sander/.m2/repository/org/skyscreamer/jsonassert/1.5.0/jsonassert-1.5.0.jar:/Users/sander/.m2/repository/com/vaadin/external/google/android-json/0.0.20131108.vaadin1/android-json-0.0.20131108.vaadin1.jar:/Users/sander/.m2/repository/org/springframework/spring-core/5.1.7.RELEASE/spring-core-5.1.7.RELEASE.jar:/Users/sander/.m2/repository/org/springframework/spring-jcl/5.1.7.RELEASE/spring-jcl-5.1.7.RELEASE.jar:/Users/sander/.m2/repository/org/springframework/spring-test/5.1.7.RELEASE/spring-test-5.1.7.RELEASE.jar:/Users/sander/.m2/repository/org/xmlunit/xmlunit-core/2.6.2/xmlunit-core-2.6.2.jar:/Users/sander/.m2/repository/org/junit/jupiter/junit-jupiter/5.4.2/junit-jupiter-5.4.2.jar:/Users/sander/.m2/repository/org/junit/jupiter/junit-jupiter-api/5.3.2/junit-jupiter-api-5.3.2.jar:/Users/sander/.m2/repository/org/apiguardian/apiguardian-api/1.0.0/apiguardian-api-1.0.0.jar:/Users/sander/.m2/repository/org/opentest4j/opentest4j/1.1.1/opentest4j-1.1.1.jar:/Users/sander/.m2/repository/org/junit/platform/junit-platform-commons/1.3.2/junit-platform-commons-1.3.2.jar:/Users/sander/.m2/repository/org/junit/jupiter/junit-jupiter-params/5.3.2/junit-jupiter-params-5.3.2.jar:/Users/sander/.m2/repository/org/junit/jupiter/junit-jupiter-engine/5.3.2/junit-jupiter-engine-5.3.2.jar:/Users/sander/.m2/repository/org/junit/platform/junit-platform-engine/1.3.2/junit-platform-engine-1.3.2.jar:/Users/sander/.m2/repository/org/mockito/mockito-core/2.27.0/mockito-core-2.27.0.jar:/Users/sander/.m2/repository/net/bytebuddy/byte-buddy/1.9.12/byte-buddy-1.9.12.jar:/Users/sander/.m2/repository/net/bytebuddy/byte-buddy-agent/1.9.12/byte-buddy-agent-1.9.12.jar:/Users/sander/.m2/repository/org/objenesis/objenesis/2.6/objenesis-2.6.jar:/Users/sander/.m2/repository/org/mockito/mockito-junit-jupiter/2.27.0/mockito-junit-jupiter-2.27.0.jar:/Users/sander/.m2/repository/io/springfox/springfox-swagger2/2.9.2/springfox-swagger2-2.9.2.jar:/Users/sander/.m2/repository/io/swagger/swagger-annotations/1.5.20/swagger-annotations-1.5.20.jar:/Users/sander/.m2/repository/io/swagger/swagger-models/1.5.20/swagger-models-1.5.20.jar:/Users/sander/.m2/repository/io/springfox/springfox-spi/2.9.2/springfox-spi-2.9.2.jar:/Users/sander/.m2/repository/io/springfox/springfox-core/2.9.2/springfox-core-2.9.2.jar:/Users/sander/.m2/repository/io/springfox/springfox-schema/2.9.2/springfox-schema-2.9.2.jar:/Users/sander/.m2/repository/io/springfox/springfox-swagger-common/2.9.2/springfox-swagger-common-2.9.2.jar:/Users/sander/.m2/repository/io/springfox/springfox-spring-web/2.9.2/springfox-spring-web-2.9.2.jar:/Users/sander/.m2/repository/com/google/guava/guava/20.0/guava-20.0.jar:/Users/sander/.m2/repository/com/fasterxml/classmate/1.4.0/classmate-1.4.0.jar:/Users/sander/.m2/repository/org/slf4j/slf4j-api/1.7.26/slf4j-api-1.7.26.jar:/Users/sander/.m2/repository/org/springframework/plugin/spring-plugin-core/1.2.0.RELEASE/spring-plugin-core-1.2.0.RELEASE.jar:/Users/sander/.m2/repository/org/springframework/plugin/spring-plugin-metadata/1.2.0.RELEASE/spring-plugin-metadata-1.2.0.RELEASE.jar:/Users/sander/.m2/repository/org/mapstruct/mapstruct/1.2.0.Final/mapstruct-1.2.0.Final.jar:/Users/sander/.m2/repository/io/springfox/springfox-swagger-ui/2.9.2/springfox-swagger-ui-2.9.2.jar:/Users/sander/.m2/repository/org/hibernate/hibernate-jpamodelgen/5.4.3.Final/hibernate-jpamodelgen-5.4.3.Final.jar:/Users/sander/.m2/repository/org/jboss/logging/jboss-logging/3.3.2.Final/jboss-logging-3.3.2.Final.jar:/Users/sander/.m2/repository/org/glassfish/jaxb/jaxb-runtime/2.3.1/jaxb-runtime-2.3.1.jar:/Users/sander/.m2/repository/org/glassfish/jaxb/txw2/2.3.1/txw2-2.3.1.jar:/Users/sander/.m2/repository/com/sun/istack/istack-commons-runtime/3.0.7/istack-commons-runtime-3.0.7.jar:/Users/sander/.m2/repository/org/jvnet/staxex/stax-ex/1.8/stax-ex-1.8.jar:/Users/sander/.m2/repository/com/sun/xml/fastinfoset/FastInfoset/1.2.15/FastInfoset-1.2.15.jar:"/>
    <property name="java.vm.vendor" value="Oracle Corporation"/>
    <property name="sun.arch.data.model" value="64"/>
    <property name="java.vendor.url" value="http://java.oracle.com/"/>
    <property name="user.timezone" value=""/>
    <property name="user.country.format" value="EE"/>
    <property name="java.vm.specification.version" value="1.8"/>
    <property name="os.name" value="Mac OS X"/>
    <property name="user.country" value="US"/>
    <property name="sun.java.launcher" value="SUN_STANDARD"/>
    <property name="sun.boot.library.path" value="/Library/Java/JavaVirtualMachines/jdk1.8.0_102.jdk/Contents/Home/jre/lib"/>
    <property name="sun.java.command" value="/Users/sander/Java/burger-finder-application/application/target/surefire/surefirebooter5727664070431056317.jar /Users/sander/Java/burger-finder-application/application/target/surefire 2019-06-17T04-58-15_622-jvmRun1 surefire3914362124994591761tmp surefire_16587886838673688027tmp"/>
    <property name="http.nonProxyHosts" value="local|*.local|169.254/16|*.169.254/16"/>
    <property name="surefire.test.class.path" value="/Users/sander/Java/burger-finder-application/application/target/test-classes:/Users/sander/Java/burger-finder-application/application/target/classes:/Users/sander/Java/burger-finder-application/burgerapi/target/burgerapi-1.0.jar:/Users/sander/Java/burger-finder-application/foursquareapi/target/foursquareapi-1.0.jar:/Users/sander/.m2/repository/org/springframework/boot/spring-boot-starter-cache/2.1.5.RELEASE/spring-boot-starter-cache-2.1.5.RELEASE.jar:/Users/sander/.m2/repository/org/springframework/boot/spring-boot-starter/2.1.5.RELEASE/spring-boot-starter-2.1.5.RELEASE.jar:/Users/sander/.m2/repository/org/springframework/boot/spring-boot-starter-logging/2.1.5.RELEASE/spring-boot-starter-logging-2.1.5.RELEASE.jar:/Users/sander/.m2/repository/ch/qos/logback/logback-classic/1.2.3/logback-classic-1.2.3.jar:/Users/sander/.m2/repository/ch/qos/logback/logback-core/1.2.3/logback-core-1.2.3.jar:/Users/sander/.m2/repository/org/apache/logging/log4j/log4j-to-slf4j/2.11.2/log4j-to-slf4j-2.11.2.jar:/Users/sander/.m2/repository/org/apache/logging/log4j/log4j-api/2.11.2/log4j-api-2.11.2.jar:/Users/sander/.m2/repository/org/slf4j/jul-to-slf4j/1.7.26/jul-to-slf4j-1.7.26.jar:/Users/sander/.m2/repository/javax/annotation/javax.annotation-api/1.3.2/javax.annotation-api-1.3.2.jar:/Users/sander/.m2/repository/org/yaml/snakeyaml/1.23/snakeyaml-1.23.jar:/Users/sander/.m2/repository/org/springframework/spring-context-support/5.1.7.RELEASE/spring-context-support-5.1.7.RELEASE.jar:/Users/sander/.m2/repository/org/springframework/spring-beans/5.1.7.RELEASE/spring-beans-5.1.7.RELEASE.jar:/Users/sander/.m2/repository/org/springframework/spring-context/5.1.7.RELEASE/spring-context-5.1.7.RELEASE.jar:/Users/sander/.m2/repository/org/springframework/boot/spring-boot-starter-data-jpa/2.1.5.RELEASE/spring-boot-starter-data-jpa-2.1.5.RELEASE.jar:/Users/sander/.m2/repository/org/springframework/boot/spring-boot-starter-aop/2.1.5.RELEASE/spring-boot-starter-aop-2.1.5.RELEASE.jar:/Users/sander/.m2/repository/org/springframework/spring-aop/5.1.7.RELEASE/spring-aop-5.1.7.RELEASE.jar:/Users/sander/.m2/repository/org/aspectj/aspectjweaver/1.9.4/aspectjweaver-1.9.4.jar:/Users/sander/.m2/repository/javax/transaction/javax.transaction-api/1.3/javax.transaction-api-1.3.jar:/Users/sander/.m2/repository/javax/xml/bind/jaxb-api/2.3.1/jaxb-api-2.3.1.jar:/Users/sander/.m2/repository/javax/activation/javax.activation-api/1.2.0/javax.activation-api-1.2.0.jar:/Users/sander/.m2/repository/org/hibernate/hibernate-core/5.3.10.Final/hibernate-core-5.3.10.Final.jar:/Users/sander/.m2/repository/javax/persistence/javax.persistence-api/2.2/javax.persistence-api-2.2.jar:/Users/sander/.m2/repository/org/javassist/javassist/3.23.2-GA/javassist-3.23.2-GA.jar:/Users/sander/.m2/repository/antlr/antlr/2.7.7/antlr-2.7.7.jar:/Users/sander/.m2/repository/org/jboss/jandex/2.0.5.Final/jandex-2.0.5.Final.jar:/Users/sander/.m2/repository/org/dom4j/dom4j/2.1.1/dom4j-2.1.1.jar:/Users/sander/.m2/repository/org/hibernate/common/hibernate-commons-annotations/5.0.4.Final/hibernate-commons-annotations-5.0.4.Final.jar:/Users/sander/.m2/repository/org/springframework/data/spring-data-jpa/2.1.8.RELEASE/spring-data-jpa-2.1.8.RELEASE.jar:/Users/sander/.m2/repository/org/springframework/data/spring-data-commons/2.1.8.RELEASE/spring-data-commons-2.1.8.RELEASE.jar:/Users/sander/.m2/repository/org/springframework/spring-orm/5.1.7.RELEASE/spring-orm-5.1.7.RELEASE.jar:/Users/sander/.m2/repository/org/springframework/spring-tx/5.1.7.RELEASE/spring-tx-5.1.7.RELEASE.jar:/Users/sander/.m2/repository/org/springframework/spring-aspects/5.1.7.RELEASE/spring-aspects-5.1.7.RELEASE.jar:/Users/sander/.m2/repository/org/springframework/boot/spring-boot-starter-data-rest/2.1.5.RELEASE/spring-boot-starter-data-rest-2.1.5.RELEASE.jar:/Users/sander/.m2/repository/org/springframework/data/spring-data-rest-webmvc/3.1.8.RELEASE/spring-data-rest-webmvc-3.1.8.RELEASE.jar:/Users/sander/.m2/repository/org/springframework/data/spring-data-rest-core/3.1.8.RELEASE/spring-data-rest-core-3.1.8.RELEASE.jar:/Users/sander/.m2/repository/org/springframework/hateoas/spring-hateoas/0.25.1.RELEASE/spring-hateoas-0.25.1.RELEASE.jar:/Users/sander/.m2/repository/org/atteo/evo-inflector/1.2.2/evo-inflector-1.2.2.jar:/Users/sander/.m2/repository/com/fasterxml/jackson/core/jackson-databind/2.9.8/jackson-databind-2.9.8.jar:/Users/sander/.m2/repository/com/fasterxml/jackson/core/jackson-core/2.9.8/jackson-core-2.9.8.jar:/Users/sander/.m2/repository/com/fasterxml/jackson/core/jackson-annotations/2.9.0/jackson-annotations-2.9.0.jar:/Users/sander/.m2/repository/org/springframework/boot/spring-boot-starter-jdbc/2.1.5.RELEASE/spring-boot-starter-jdbc-2.1.5.RELEASE.jar:/Users/sander/.m2/repository/com/zaxxer/HikariCP/3.2.0/HikariCP-3.2.0.jar:/Users/sander/.m2/repository/org/springframework/spring-jdbc/5.1.7.RELEASE/spring-jdbc-5.1.7.RELEASE.jar:/Users/sander/.m2/repository/org/springframework/boot/spring-boot-starter-thymeleaf/2.1.5.RELEASE/spring-boot-starter-thymeleaf-2.1.5.RELEASE.jar:/Users/sander/.m2/repository/org/thymeleaf/thymeleaf-spring5/3.0.11.RELEASE/thymeleaf-spring5-3.0.11.RELEASE.jar:/Users/sander/.m2/repository/org/thymeleaf/extras/thymeleaf-extras-java8time/3.0.4.RELEASE/thymeleaf-extras-java8time-3.0.4.RELEASE.jar:/Users/sander/.m2/repository/nz/net/ultraq/thymeleaf/thymeleaf-layout-dialect/2.4.1/thymeleaf-layout-dialect-2.4.1.jar:/Users/sander/.m2/repository/nz/net/ultraq/thymeleaf/thymeleaf-expression-processor/1.1.3/thymeleaf-expression-processor-1.1.3.jar:/Users/sander/.m2/repository/org/codehaus/groovy/groovy/2.5.7/groovy-2.5.7.jar:/Users/sander/.m2/repository/org/thymeleaf/thymeleaf/3.0.11.RELEASE/thymeleaf-3.0.11.RELEASE.jar:/Users/sander/.m2/repository/ognl/ognl/3.1.12/ognl-3.1.12.jar:/Users/sander/.m2/repository/org/attoparser/attoparser/2.0.5.RELEASE/attoparser-2.0.5.RELEASE.jar:/Users/sander/.m2/repository/org/unbescape/unbescape/1.1.6.RELEASE/unbescape-1.1.6.RELEASE.jar:/Users/sander/.m2/repository/org/springframework/boot/spring-boot-starter-validation/2.1.5.RELEASE/spring-boot-starter-validation-2.1.5.RELEASE.jar:/Users/sander/.m2/repository/org/apache/tomcat/embed/tomcat-embed-el/9.0.19/tomcat-embed-el-9.0.19.jar:/Users/sander/.m2/repository/org/hibernate/validator/hibernate-validator/6.0.16.Final/hibernate-validator-6.0.16.Final.jar:/Users/sander/.m2/repository/javax/validation/validation-api/2.0.1.Final/validation-api-2.0.1.Final.jar:/Users/sander/.m2/repository/org/springframework/boot/spring-boot-starter-web/2.1.5.RELEASE/spring-boot-starter-web-2.1.5.RELEASE.jar:/Users/sander/.m2/repository/org/springframework/boot/spring-boot-starter-json/2.1.5.RELEASE/spring-boot-starter-json-2.1.5.RELEASE.jar:/Users/sander/.m2/repository/com/fasterxml/jackson/datatype/jackson-datatype-jdk8/2.9.8/jackson-datatype-jdk8-2.9.8.jar:/Users/sander/.m2/repository/com/fasterxml/jackson/datatype/jackson-datatype-jsr310/2.9.8/jackson-datatype-jsr310-2.9.8.jar:/Users/sander/.m2/repository/com/fasterxml/jackson/module/jackson-module-parameter-names/2.9.8/jackson-module-parameter-names-2.9.8.jar:/Users/sander/.m2/repository/org/springframework/boot/spring-boot-starter-tomcat/2.1.5.RELEASE/spring-boot-starter-tomcat-2.1.5.RELEASE.jar:/Users/sander/.m2/repository/org/apache/tomcat/embed/tomcat-embed-core/9.0.19/tomcat-embed-core-9.0.19.jar:/Users/sander/.m2/repository/org/apache/tomcat/embed/tomcat-embed-websocket/9.0.19/tomcat-embed-websocket-9.0.19.jar:/Users/sander/.m2/repository/org/springframework/spring-web/5.1.7.RELEASE/spring-web-5.1.7.RELEASE.jar:/Users/sander/.m2/repository/org/springframework/spring-webmvc/5.1.7.RELEASE/spring-webmvc-5.1.7.RELEASE.jar:/Users/sander/.m2/repository/org/springframework/spring-expression/5.1.7.RELEASE/spring-expression-5.1.7.RELEASE.jar:/Users/sander/.m2/repository/org/springframework/boot/spring-boot-devtools/2.1.5.RELEASE/spring-boot-devtools-2.1.5.RELEASE.jar:/Users/sander/.m2/repository/org/springframework/boot/spring-boot/2.1.5.RELEASE/spring-boot-2.1.5.RELEASE.jar:/Users/sander/.m2/repository/org/springframework/boot/spring-boot-autoconfigure/2.1.5.RELEASE/spring-boot-autoconfigure-2.1.5.RELEASE.jar:/Users/sander/.m2/repository/org/springframework/boot/spring-boot-configuration-processor/2.1.5.RELEASE/spring-boot-configuration-processor-2.1.5.RELEASE.jar:/Users/sander/.m2/repository/com/h2database/h2/1.4.199/h2-1.4.199.jar:/Users/sander/.m2/repository/org/projectlombok/lombok/1.18.8/lombok-1.18.8.jar:/Users/sander/.m2/repository/org/springframework/boot/spring-boot-starter-test/2.1.5.RELEASE/spring-boot-starter-test-2.1.5.RELEASE.jar:/Users/sander/.m2/repository/org/springframework/boot/spring-boot-test/2.1.5.RELEASE/spring-boot-test-2.1.5.RELEASE.jar:/Users/sander/.m2/repository/org/springframework/boot/spring-boot-test-autoconfigure/2.1.5.RELEASE/spring-boot-test-autoconfigure-2.1.5.RELEASE.jar:/Users/sander/.m2/repository/com/jayway/jsonpath/json-path/2.4.0/json-path-2.4.0.jar:/Users/sander/.m2/repository/net/minidev/json-smart/2.3/json-smart-2.3.jar:/Users/sander/.m2/repository/net/minidev/accessors-smart/1.2/accessors-smart-1.2.jar:/Users/sander/.m2/repository/org/ow2/asm/asm/5.0.4/asm-5.0.4.jar:/Users/sander/.m2/repository/junit/junit/4.12/junit-4.12.jar:/Users/sander/.m2/repository/org/assertj/assertj-core/3.11.1/assertj-core-3.11.1.jar:/Users/sander/.m2/repository/org/hamcrest/hamcrest-core/1.3/hamcrest-core-1.3.jar:/Users/sander/.m2/repository/org/hamcrest/hamcrest-library/1.3/hamcrest-library-1.3.jar:/Users/sander/.m2/repository/org/skyscreamer/jsonassert/1.5.0/jsonassert-1.5.0.jar:/Users/sander/.m2/repository/com/vaadin/external/google/android-json/0.0.20131108.vaadin1/android-json-0.0.20131108.vaadin1.jar:/Users/sander/.m2/repository/org/springframework/spring-core/5.1.7.RELEASE/spring-core-5.1.7.RELEASE.jar:/Users/sander/.m2/repository/org/springframework/spring-jcl/5.1.7.RELEASE/spring-jcl-5.1.7.RELEASE.jar:/Users/sander/.m2/repository/org/springframework/spring-test/5.1.7.RELEASE/spring-test-5.1.7.RELEASE.jar:/Users/sander/.m2/repository/org/xmlunit/xmlunit-core/2.6.2/xmlunit-core-2.6.2.jar:/Users/sander/.m2/repository/org/junit/jupiter/junit-jupiter/5.4.2/junit-jupiter-5.4.2.jar:/Users/sander/.m2/repository/org/junit/jupiter/junit-jupiter-api/5.3.2/junit-jupiter-api-5.3.2.jar:/Users/sander/.m2/repository/org/apiguardian/apiguardian-api/1.0.0/apiguardian-api-1.0.0.jar:/Users/sander/.m2/repository/org/opentest4j/opentest4j/1.1.1/opentest4j-1.1.1.jar:/Users/sander/.m2/repository/org/junit/platform/junit-platform-commons/1.3.2/junit-platform-commons-1.3.2.jar:/Users/sander/.m2/repository/org/junit/jupiter/junit-jupiter-params/5.3.2/junit-jupiter-params-5.3.2.jar:/Users/sander/.m2/repository/org/junit/jupiter/junit-jupiter-engine/5.3.2/junit-jupiter-engine-5.3.2.jar:/Users/sander/.m2/repository/org/junit/platform/junit-platform-engine/1.3.2/junit-platform-engine-1.3.2.jar:/Users/sander/.m2/repository/org/mockito/mockito-core/2.27.0/mockito-core-2.27.0.jar:/Users/sander/.m2/repository/net/bytebuddy/byte-buddy/1.9.12/byte-buddy-1.9.12.jar:/Users/sander/.m2/repository/net/bytebuddy/byte-buddy-agent/1.9.12/byte-buddy-agent-1.9.12.jar:/Users/sander/.m2/repository/org/objenesis/objenesis/2.6/objenesis-2.6.jar:/Users/sander/.m2/repository/org/mockito/mockito-junit-jupiter/2.27.0/mockito-junit-jupiter-2.27.0.jar:/Users/sander/.m2/repository/io/springfox/springfox-swagger2/2.9.2/springfox-swagger2-2.9.2.jar:/Users/sander/.m2/repository/io/swagger/swagger-annotations/1.5.20/swagger-annotations-1.5.20.jar:/Users/sander/.m2/repository/io/swagger/swagger-models/1.5.20/swagger-models-1.5.20.jar:/Users/sander/.m2/repository/io/springfox/springfox-spi/2.9.2/springfox-spi-2.9.2.jar:/Users/sander/.m2/repository/io/springfox/springfox-core/2.9.2/springfox-core-2.9.2.jar:/Users/sander/.m2/repository/io/springfox/springfox-schema/2.9.2/springfox-schema-2.9.2.jar:/Users/sander/.m2/repository/io/springfox/springfox-swagger-common/2.9.2/springfox-swagger-common-2.9.2.jar:/Users/sander/.m2/repository/io/springfox/springfox-spring-web/2.9.2/springfox-spring-web-2.9.2.jar:/Users/sander/.m2/repository/com/google/guava/guava/20.0/guava-20.0.jar:/Users/sander/.m2/repository/com/fasterxml/classmate/1.4.0/classmate-1.4.0.jar:/Users/sander/.m2/repository/org/slf4j/slf4j-api/1.7.26/slf4j-api-1.7.26.jar:/Users/sander/.m2/repository/org/springframework/plugin/spring-plugin-core/1.2.0.RELEASE/spring-plugin-core-1.2.0.RELEASE.jar:/Users/sander/.m2/repository/org/springframework/plugin/spring-plugin-metadata/1.2.0.RELEASE/spring-plugin-metadata-1.2.0.RELEASE.jar:/Users/sander/.m2/repository/org/mapstruct/mapstruct/1.2.0.Final/mapstruct-1.2.0.Final.jar:/Users/sander/.m2/repository/io/springfox/springfox-swagger-ui/2.9.2/springfox-swagger-ui-2.9.2.jar:/Users/sander/.m2/repository/org/hibernate/hibernate-jpamodelgen/5.4.3.Final/hibernate-jpamodelgen-5.4.3.Final.jar:/Users/sander/.m2/repository/org/jboss/logging/jboss-logging/3.3.2.Final/jboss-logging-3.3.2.Final.jar:/Users/sander/.m2/repository/org/glassfish/jaxb/jaxb-runtime/2.3.1/jaxb-runtime-2.3.1.jar:/Users/sander/.m2/repository/org/glassfish/jaxb/txw2/2.3.1/txw2-2.3.1.jar:/Users/sander/.m2/repository/com/sun/istack/istack-commons-runtime/3.0.7/istack-commons-runtime-3.0.7.jar:/Users/sander/.m2/repository/org/jvnet/staxex/stax-ex/1.8/stax-ex-1.8.jar:/Users/sander/.m2/repository/com/sun/xml/fastinfoset/FastInfoset/1.2.15/FastInfoset-1.2.15.jar:"/>
    <property name="sun.cpu.endian" value="little"/>
    <property name="user.home" value="/Users/sander"/>
    <property name="user.language" value="en"/>
    <property name="java.specification.vendor" value="Oracle Corporation"/>
    <property name="java.home" value="/Library/Java/JavaVirtualMachines/jdk1.8.0_102.jdk/Contents/Home/jre"/>
    <property name="basedir" value="/Users/sander/Java/burger-finder-application/application"/>
    <property name="file.separator" value="/"/>
    <property name="line.separator" value="&#10;"/>
    <property name="java.vm.specification.vendor" value="Oracle Corporation"/>
    <property name="java.specification.name" value="Java Platform API Specification"/>
    <property name="java.awt.graphicsenv" value="sun.awt.CGraphicsEnvironment"/>
    <property name="surefire.real.class.path" value="/Users/sander/Java/burger-finder-application/application/target/surefire/surefirebooter5727664070431056317.jar"/>
    <property name="sun.boot.class.path" value="/Library/Java/JavaVirtualMachines/jdk1.8.0_102.jdk/Contents/Home/jre/lib/resources.jar:/Library/Java/JavaVirtualMachines/jdk1.8.0_102.jdk/Contents/Home/jre/lib/rt.jar:/Library/Java/JavaVirtualMachines/jdk1.8.0_102.jdk/Contents/Home/jre/lib/sunrsasign.jar:/Library/Java/JavaVirtualMachines/jdk1.8.0_102.jdk/Contents/Home/jre/lib/jsse.jar:/Library/Java/JavaVirtualMachines/jdk1.8.0_102.jdk/Contents/Home/jre/lib/jce.jar:/Library/Java/JavaVirtualMachines/jdk1.8.0_102.jdk/Contents/Home/jre/lib/charsets.jar:/Library/Java/JavaVirtualMachines/jdk1.8.0_102.jdk/Contents/Home/jre/lib/jfr.jar:/Library/Java/JavaVirtualMachines/jdk1.8.0_102.jdk/Contents/Home/jre/classes"/>
    <property name="sun.management.compiler" value="HotSpot 64-Bit Tiered Compilers"/>
    <property name="ftp.nonProxyHosts" value="local|*.local|169.254/16|*.169.254/16"/>
    <property name="java.runtime.version" value="1.8.0_102-b14"/>
    <property name="user.name" value="sander"/>
    <property name="path.separator" value=":"/>
    <property name="os.version" value="10.14.5"/>
    <property name="java.endorsed.dirs" value="/Library/Java/JavaVirtualMachines/jdk1.8.0_102.jdk/Contents/Home/jre/lib/endorsed"/>
    <property name="java.runtime.name" value="Java(TM) SE Runtime Environment"/>
    <property name="file.encoding" value="US-ASCII"/>
    <property name="java.vm.name" value="Java HotSpot(TM) 64-Bit Server VM"/>
    <property name="localRepository" value="/Users/sander/.m2/repository"/>
    <property name="java.vendor.url.bug" value="http://bugreport.sun.com/bugreport/"/>
    <property name="java.io.tmpdir" value="/var/folders/5c/32m86tln1nnfz2cyt5krtqn40000gn/T/"/>
    <property name="java.version" value="1.8.0_102"/>
    <property name="user.dir" value="/Users/sander/Java/burger-finder-application/application"/>
    <property name="os.arch" value="x86_64"/>
    <property name="java.vm.specification.name" value="Java Virtual Machine Specification"/>
    <property name="java.awt.printerjob" value="sun.lwawt.macosx.CPrinterJob"/>
    <property name="idea.version2019.1.3" value="true"/>
    <property name="sun.os.patch.level" value="unknown"/>
    <property name="java.library.path" value="/Users/sander/Library/Java/Extensions:/Library/Java/Extensions:/Network/Library/Java/Extensions:/System/Library/Java/Extensions:/usr/lib/java:."/>
    <property name="java.vm.info" value="mixed mode"/>
    <property name="java.vendor" value="Oracle Corporation"/>
    <property name="java.vm.version" value="25.102-b14"/>
    <property name="java.ext.dirs" value="/Users/sander/Library/Java/Extensions:/Library/Java/JavaVirtualMachines/jdk1.8.0_102.jdk/Contents/Home/jre/lib/ext:/Library/Java/Extensions:/Network/Library/Java/Extensions:/System/Library/Java/Extensions:/usr/lib/java"/>
    <property name="sun.io.unicode.encoding" value="UnicodeBig"/>
    <property name="java.class.version" value="52.0"/>
    <property name="socksNonProxyHosts" value="local|*.local|169.254/16|*.169.254/16"/>
  </properties>
  <testcase name="createPhoto" classname="com.example.demo.service.PhotoServiceTest" time="0.001"/>
</testsuite>